<?xml version="1.0" encoding="UTF-8"?>
<!-- Generated by org.testng.reporters.JUnitXMLReporter -->
<testsuite hostname="SamJoseph-PC" ignored="2" name="Planet Expo Test Cases" tests="1" failures="0" timestamp="21 Feb 2020 04:09:53 GMT" time="42.886" errors="0">
  <testcase name="hotStarPlanetNameTest" time="2.726" classname="com.qa.testcases.ExpoPlanetDocPageTest"/>
  <testcase name="timeLineReportPlanetBySizeTest" time="0.0" classname="com.qa.testcases.ExpoPlanetDocPageTest">
    <ignored/>
  </testcase> <!-- timeLineReportPlanetBySizeTest -->
  <testcase name="orphanPlanetTest" time="0.0" classname="com.qa.testcases.ExpoPlanetDocPageTest">
    <ignored/>
  </testcase> <!-- orphanPlanetTest -->
</testsuite> <!-- Planet Expo Test Cases -->
